[INFO] Module CUDA/12.3.0 loaded.

APPTAINER_CACHEDIR=/work/jt925938/.apptainer/cache
BASH_ENV=/usr/local_host/etc/bashenv
BEEOND=/mnt/beegfs
CC=icc
CFXHOSTS='w23g0011*1'
CLASSPATH=/cvmfs/software.hpc.rwth.de/Linux/RH8/x86_64/intel/sapphirerapids/software/impi/2021.6.0-intel-compilers-2022.1.0/mpi/latest/lib/mpi.jar
CMAKE_LIBRARY_PATH=/cvmfs/software.hpc.rwth.de/Linux/RH8/x86_64/intel/sapphirerapids/software/GCCcore/11.3.0/lib64
CMAKE_PREFIX_PATH=/cvmfs/software.hpc.rwth.de/Linux/RH8/x86_64/intel/sapphirerapids/software/CUDA/12.3.0:/cvmfs/software.hpc.rwth.de/Linux/RH8/x86_64/intel/sapphirerapids/software/imkl-FFTW/2022.1.0-iimpi-2022a:/cvmfs/software.hpc.rwth.de/Linux/RH8/x86_64/intel/sapphirerapids/software/imkl/2022.1.0:/cvmfs/software.hpc.rwth.de/Linux/RH8/x86_64/intel/sapphirerapids/software/UCX/1.17.0-GCCcore-11.3.0:/cvmfs/software.hpc.rwth.de/Linux/RH8/x86_64/intel/sapphirerapids/software/numactl/2.0.16-GCCcore-11.3.0:/cvmfs/software.hpc.rwth.de/Linux/RH8/x86_64/intel/sapphirerapids/software/zlib/1.2.13-GCCcore-11.3.0:/cvmfs/software.hpc.rwth.de/Linux/RH8/x86_64/intel/sapphirerapids/software/impi/2021.6.0-intel-compilers-2022.1.0:/cvmfs/software.hpc.rwth.de/Linux/RH8/x86_64/intel/sapphirerapids/software/intel-compilers/2022.1.0/compiler/latest/linux/IntelDPCPP:/cvmfs/software.hpc.rwth.de/Linux/RH8/x86_64/intel/sapphirerapids/software/intel-compilers/2022.1.0/tbb/latest:/cvmfs/software.hpc.rwth.de/Linux/RH8/x86_64/intel/sapphirerapids/software/binutils/2.38-GCCcore-11.3.0:/cvmfs/software.hpc.rwth.de/Linux/RH8/x86_64/intel/sapphirerapids/software/GCCcore/11.3.0
CMPLR_ROOT=/cvmfs/software.hpc.rwth.de/Linux/RH8/x86_64/intel/sapphirerapids/software/intel-compilers/2022.1.0/compiler/latest
CPATH=/cvmfs/software.hpc.rwth.de/Linux/RH8/x86_64/intel/sapphirerapids/software/CUDA/12.3.0/nvvm/include:/cvmfs/software.hpc.rwth.de/Linux/RH8/x86_64/intel/sapphirerapids/software/CUDA/12.3.0/extras/CUPTI/include:/cvmfs/software.hpc.rwth.de/Linux/RH8/x86_64/intel/sapphirerapids/software/CUDA/12.3.0/include:/cvmfs/software.hpc.rwth.de/Linux/RH8/x86_64/intel/sapphirerapids/software/imkl/2022.1.0/mkl/2022.1.0/include/fftw:/cvmfs/software.hpc.rwth.de/Linux/RH8/x86_64/intel/sapphirerapids/software/imkl/2022.1.0/mkl/2022.1.0/include:/cvmfs/software.hpc.rwth.de/Linux/RH8/x86_64/intel/sapphirerapids/software/UCX/1.17.0-GCCcore-11.3.0/include:/cvmfs/software.hpc.rwth.de/Linux/RH8/x86_64/intel/sapphirerapids/software/numactl/2.0.16-GCCcore-11.3.0/include:/cvmfs/software.hpc.rwth.de/Linux/RH8/x86_64/intel/sapphirerapids/software/zlib/1.2.13-GCCcore-11.3.0/include:/cvmfs/software.hpc.rwth.de/Linux/RH8/x86_64/intel/sapphirerapids/software/impi/2021.6.0-intel-compilers-2022.1.0/mpi/2021.6.0/include:/cvmfs/software.hpc.rwth.de/Linux/RH8/x86_64/intel/sapphirerapids/software/intel-compilers/2022.1.0/dev-utilities/latest/include:/cvmfs/software.hpc.rwth.de/Linux/RH8/x86_64/intel/sapphirerapids/software/intel-compilers/2022.1.0/mpi/latest/include:/cvmfs/software.hpc.rwth.de/Linux/RH8/x86_64/intel/sapphirerapids/software/intel-compilers/2022.1.0/tbb/latest/include:/cvmfs/software.hpc.rwth.de/Linux/RH8/x86_64/intel/sapphirerapids/software/intel-compilers/2022.1.0/tbb/2021.6.0/include:/cvmfs/software.hpc.rwth.de/Linux/RH8/x86_64/intel/sapphirerapids/software/binutils/2.38-GCCcore-11.3.0/include:/cvmfs/software.hpc.rwth.de/Linux/RH8/x86_64/intel/sapphirerapids/software/GCCcore/11.3.0/include
CUDA_HOME=/cvmfs/software.hpc.rwth.de/Linux/RH8/x86_64/intel/sapphirerapids/software/CUDA/12.3.0
CUDA_PATH=/cvmfs/software.hpc.rwth.de/Linux/RH8/x86_64/intel/sapphirerapids/software/CUDA/12.3.0
CUDA_ROOT=/cvmfs/software.hpc.rwth.de/Linux/RH8/x86_64/intel/sapphirerapids/software/CUDA/12.3.0
CUDA_VISIBLE_DEVICES=0
CXX=icpc
DAPL_CM_ROUTE_TIMEOUT_MS=20000
DAT_OVERRIDE=/usr/local_host/etc/dat.conf
DBUS_SESSION_BUS_ADDRESS='unix:path=/run/user/37841/bus'
DELIM_LINE=------------------------------------------------------------------------------
DIAGUTIL_PATH=/cvmfs/software.hpc.rwth.de/Linux/RH8/x86_64/intel/sapphirerapids/software/intel-compilers/2022.1.0/compiler/latest/sys_check/sys_check.sh:/cvmfs/software.hpc.rwth.de/Linux/RH8/x86_64/intel/sapphirerapids/software/intel-compilers/2022.1.0/debugger/latest/sys_check/debugger_sys_check.py
EBDEVELBINUTILS=/cvmfs/software.hpc.rwth.de/Linux/RH8/x86_64/intel/sapphirerapids/software/binutils/2.38-GCCcore-11.3.0/easybuild/Compiler-GCCcore-11.3.0-binutils-2.38-easybuild-devel
EBDEVELCUDA=/cvmfs/software.hpc.rwth.de/Linux/RH8/x86_64/intel/sapphirerapids/software/CUDA/12.3.0/easybuild/Core-CUDA-12.3.0-easybuild-devel
EBDEVELGCCCORE=/cvmfs/software.hpc.rwth.de/Linux/RH8/x86_64/intel/sapphirerapids/software/GCCcore/11.3.0/easybuild/Core-GCCcore-.11.3.0-easybuild-devel
EBDEVELIMKL=/cvmfs/software.hpc.rwth.de/Linux/RH8/x86_64/intel/sapphirerapids/software/imkl/2022.1.0/easybuild/Core-imkl-2022.1.0-easybuild-devel
EBDEVELIMKLMINFFTW=/cvmfs/software.hpc.rwth.de/Linux/RH8/x86_64/intel/sapphirerapids/software/imkl-FFTW/2022.1.0-iimpi-2022a/easybuild/MPI-intel-2022.1.0-impi-2021.6.0-imkl-FFTW-2022.1.0-easybuild-devel
EBDEVELIMPI=/cvmfs/software.hpc.rwth.de/Linux/RH8/x86_64/intel/sapphirerapids/software/impi/2021.6.0-intel-compilers-2022.1.0/easybuild/Compiler-intel-2022.1.0-impi-2021.6.0-easybuild-devel
EBDEVELINTEL=/cvmfs/software.hpc.rwth.de/Linux/RH8/x86_64/intel/sapphirerapids/software/intel/2022a/easybuild/Core-intel-2022a-easybuild-devel
EBDEVELINTELMINCOMPILERS=/cvmfs/software.hpc.rwth.de/Linux/RH8/x86_64/intel/sapphirerapids/software/intel-compilers/2022.1.0/easybuild/Core-intel-compilers-2022.1.0-easybuild-devel
EBDEVELNUMACTL=/cvmfs/software.hpc.rwth.de/Linux/RH8/x86_64/intel/sapphirerapids/software/numactl/2.0.16-GCCcore-11.3.0/easybuild/Compiler-GCCcore-11.3.0-numactl-2.0.16-easybuild-devel
EBDEVELUCX=/cvmfs/software.hpc.rwth.de/Linux/RH8/x86_64/intel/sapphirerapids/software/UCX/1.17.0-GCCcore-11.3.0/easybuild/Compiler-GCCcore-11.3.0-UCX-1.17.0-easybuild-devel
EBDEVELZLIB=/cvmfs/software.hpc.rwth.de/Linux/RH8/x86_64/intel/sapphirerapids/software/zlib/1.2.13-GCCcore-11.3.0/easybuild/Compiler-GCCcore-11.3.0-zlib-1.2.13-easybuild-devel
EBROOTBINUTILS=/cvmfs/software.hpc.rwth.de/Linux/RH8/x86_64/intel/sapphirerapids/software/binutils/2.38-GCCcore-11.3.0
EBROOTCUDA=/cvmfs/software.hpc.rwth.de/Linux/RH8/x86_64/intel/sapphirerapids/software/CUDA/12.3.0
EBROOTGCCCORE=/cvmfs/software.hpc.rwth.de/Linux/RH8/x86_64/intel/sapphirerapids/software/GCCcore/11.3.0
EBROOTIMKL=/cvmfs/software.hpc.rwth.de/Linux/RH8/x86_64/intel/sapphirerapids/software/imkl/2022.1.0
EBROOTIMKLMINFFTW=/cvmfs/software.hpc.rwth.de/Linux/RH8/x86_64/intel/sapphirerapids/software/imkl-FFTW/2022.1.0-iimpi-2022a
EBROOTIMPI=/cvmfs/software.hpc.rwth.de/Linux/RH8/x86_64/intel/sapphirerapids/software/impi/2021.6.0-intel-compilers-2022.1.0
EBROOTINTEL=/cvmfs/software.hpc.rwth.de/Linux/RH8/x86_64/intel/sapphirerapids/software/intel/2022a
EBROOTINTELMINCOMPILERS=/cvmfs/software.hpc.rwth.de/Linux/RH8/x86_64/intel/sapphirerapids/software/intel-compilers/2022.1.0
EBROOTNUMACTL=/cvmfs/software.hpc.rwth.de/Linux/RH8/x86_64/intel/sapphirerapids/software/numactl/2.0.16-GCCcore-11.3.0
EBROOTUCX=/cvmfs/software.hpc.rwth.de/Linux/RH8/x86_64/intel/sapphirerapids/software/UCX/1.17.0-GCCcore-11.3.0
EBROOTZLIB=/cvmfs/software.hpc.rwth.de/Linux/RH8/x86_64/intel/sapphirerapids/software/zlib/1.2.13-GCCcore-11.3.0
EBVERSIONBINUTILS=2.38
EBVERSIONCUDA=12.3.0
EBVERSIONGCCCORE=11.3.0
EBVERSIONIMKL=2022.1.0
EBVERSIONIMKLMINFFTW=2022.1.0
EBVERSIONIMPI=2021.6.0
EBVERSIONINTEL=2022a
EBVERSIONINTELMINCOMPILERS=2022.1.0
EBVERSIONNUMACTL=2.0.16
EBVERSIONUCX=1.17.0
EBVERSIONZLIB=1.2.13
ENV=/usr/local_host/etc/kshenv
ENVIRONMENT=BATCH
F77='ifort -f77rtl -fpconstant -intconstant'
FC=ifort
FI_PROVIDER_PATH=/cvmfs/software.hpc.rwth.de/Linux/RH8/x86_64/intel/sapphirerapids/software/impi/2021.6.0-intel-compilers-2022.1.0/mpi/2021.6.0/libfabric/lib/prov:/cvmfs/software.hpc.rwth.de/Linux/RH8/x86_64/intel/sapphirerapids/software/intel-compilers/2022.1.0/mpi/latest/libfabric/lib/prov
FLAGS_ARCH64=-m64
FLAGS_AUTOPAR=-parallel
FLAGS_DEBUG=-g
FLAGS_FAST='-O3 -ip -xSSE4.2 -axCORE-AVX2,AVX -fp-model fast=2'
FLAGS_FAST_NO_FPOPT='-O3 -ip -xSSE4.2 -axCORE-AVX2,AVX -fp-model precise'
FLAGS_FREE='-free -fpp'
FLAGS_GCCcore_ARCH64=-m64
FLAGS_GCCcore_DEBUG=-g
FLAGS_GCCcore_FAST='-O3 -ffast-math -mtune=native'
FLAGS_GCCcore_FAST_NO_FPOPT='-O3 -mtune=native'
FLAGS_GCCcore_FREE=-ffree-form
FLAGS_GCCcore_OFFLOAD_OPENACC=-fopenacc
FLAGS_GCCcore_OFFLOAD_OPENMP=-fopenmp
FLAGS_GCCcore_OPENMP=-fopenmp
FLAGS_GCCcore_PIC='-fPIC -shared'
FLAGS_GCCcore_RPATH='-Wl,-rpath=/cvmfs/software.hpc.rwth.de/Linux/RH8/x86_64/intel/sapphirerapids/software/GCCcore/11.3.0/lib64'
FLAGS_GCCcore_RUNTIME_LINKER='-Wl,-rpath='
FLAGS_MPI_BATCH=''
FLAGS_OPENMP=-qopenmp
FLAGS_PIC='-fPIC -shared'
FLAGS_RPATH='-Wl,-rpath=/cvmfs/software.hpc.rwth.de/Linux/RH8/x86_64/intel/sapphirerapids/software/intel-compilers/2022.1.0/compiler/latest/linux/compiler/lib/intel64_lin'
FLAGS_RUNTIME_LINKER='-Wl,-rpath='
FLAGS_intel_compilers_ARCH64=-m64
FLAGS_intel_compilers_AUTOPAR=-parallel
FLAGS_intel_compilers_DEBUG=-g
FLAGS_intel_compilers_FAST='-O3 -ip -xSSE4.2 -axCORE-AVX2,AVX -fp-model fast=2'
FLAGS_intel_compilers_FAST_NO_FPOPT='-O3 -ip -xSSE4.2 -axCORE-AVX2,AVX -fp-model precise'
FLAGS_intel_compilers_FREE='-free -fpp'
FLAGS_intel_compilers_OPENMP=-qopenmp
FLAGS_intel_compilers_PIC='-fPIC -shared'
FLAGS_intel_compilers_RPATH='-Wl,-rpath=/cvmfs/software.hpc.rwth.de/Linux/RH8/x86_64/intel/sapphirerapids/software/intel-compilers/2022.1.0/compiler/latest/linux/compiler/lib/intel64_lin'
FLAGS_intel_compilers_RUNTIME_LINKER='-Wl,-rpath='
FLEXIBLAS_LIBRARY_PATH=/cvmfs/software.hpc.rwth.de/Linux/RH8/x86_64/intel/sapphirerapids/software/imkl/2022.1.0/mkl/2022.1.0/lib/intel64/flexiblas
FPGA_VARS_DIR=/cvmfs/software.hpc.rwth.de/Linux/RH8/x86_64/intel/sapphirerapids/software/intel-compilers/2022.1.0/compiler/latest/linux/lib/oclfpga
GCCcore_CC=gcc
GCCcore_CPP=cpp
GCCcore_CXX=g++
GCCcore_F77='gfortran -fno-sign-zero'
GCCcore_FC=gfortran
GCCcore_OBJC=gcc
GCCcore_OBJCXX=g++
GCCcore_ROOT=/cvmfs/software.hpc.rwth.de/Linux/RH8/x86_64/intel/sapphirerapids/software/GCCcore/11.3.0
GDB_INFO=/cvmfs/software.hpc.rwth.de/Linux/RH8/x86_64/intel/sapphirerapids/software/intel-compilers/2022.1.0/debugger/latest/documentation/info
GPU_DEVICE_ORDINAL=0
HOME=/home/jt925938
HOME_SNAPSHOT=/home/jt925938/.snapshots
HOSTNAME=w23g0011.hpc.itc.rwth-aachen.de
HPCWORK=/hpcwork/jt925938
INFOPATH=/cvmfs/software.hpc.rwth.de/Linux/RH8/x86_64/intel/sapphirerapids/software/intel-compilers/2022.1.0/debugger/latest/gdb/intel64/lib
INTELARCH=64
INTELFPGAOCLSDKROOT=/cvmfs/software.hpc.rwth.de/Linux/RH8/x86_64/intel/sapphirerapids/software/intel-compilers/2022.1.0/compiler/latest/linux/lib/oclfpga
INTEL_PYTHONHOME=/cvmfs/software.hpc.rwth.de/Linux/RH8/x86_64/intel/sapphirerapids/software/intel-compilers/2022.1.0/debugger/latest/dep
I_MPI_FABRICS=shm:ofi
I_MPI_JOB_SIGNAL_PROPAGATION=on
I_MPI_OFI_PROVIDER=mlx
I_MPI_PMI_LIBRARY=/opt/slurm/current/lib/libpmi2.so
I_MPI_ROOT=/cvmfs/software.hpc.rwth.de/Linux/RH8/x86_64/intel/sapphirerapids/software/impi/2021.6.0-intel-compilers-2022.1.0/mpi/2021.6.0
JAVA_TOOL_OPTIONS=-Xmx2048m
LANG=en_US.UTF-8
LASTCOMPILER=intel_compilers
LASTMPI=impi
LD_LIBRARY_PATH=/cvmfs/software.hpc.rwth.de/Linux/RH8/x86_64/intel/sapphirerapids/software/CUDA/12.3.0/nvvm/lib64:/cvmfs/software.hpc.rwth.de/Linux/RH8/x86_64/intel/sapphirerapids/software/CUDA/12.3.0/extras/CUPTI/lib64:/cvmfs/software.hpc.rwth.de/Linux/RH8/x86_64/intel/sapphirerapids/software/CUDA/12.3.0/lib:/cvmfs/software.hpc.rwth.de/Linux/RH8/x86_64/intel/sapphirerapids/software/imkl-FFTW/2022.1.0-iimpi-2022a/lib:/cvmfs/software.hpc.rwth.de/Linux/RH8/x86_64/intel/sapphirerapids/software/imkl/2022.1.0/mkl/2022.1.0/lib/intel64:/cvmfs/software.hpc.rwth.de/Linux/RH8/x86_64/intel/sapphirerapids/software/imkl/2022.1.0/compiler/2022.1.0/linux/compiler/lib/intel64_lin:/cvmfs/software.hpc.rwth.de/Linux/RH8/x86_64/intel/sapphirerapids/software/UCX/1.17.0-GCCcore-11.3.0/lib:/cvmfs/software.hpc.rwth.de/Linux/RH8/x86_64/intel/sapphirerapids/software/numactl/2.0.16-GCCcore-11.3.0/lib:/cvmfs/software.hpc.rwth.de/Linux/RH8/x86_64/intel/sapphirerapids/software/zlib/1.2.13-GCCcore-11.3.0/lib:/cvmfs/software.hpc.rwth.de/Linux/RH8/x86_64/intel/sapphirerapids/software/impi/2021.6.0-intel-compilers-2022.1.0/mpi/2021.6.0/libfabric/lib:/cvmfs/software.hpc.rwth.de/Linux/RH8/x86_64/intel/sapphirerapids/software/impi/2021.6.0-intel-compilers-2022.1.0/mpi/2021.6.0/lib/release:/cvmfs/software.hpc.rwth.de/Linux/RH8/x86_64/intel/sapphirerapids/software/impi/2021.6.0-intel-compilers-2022.1.0/mpi/2021.6.0/lib:/cvmfs/software.hpc.rwth.de/Linux/RH8/x86_64/intel/sapphirerapids/software/intel-compilers/2022.1.0/tbb/2021.6.0/lib/intel64/gcc4.8:/cvmfs/software.hpc.rwth.de/Linux/RH8/x86_64/intel/sapphirerapids/software/intel-compilers/2022.1.0/compiler/2022.1.0/linux/compiler/lib/intel64_lin:/cvmfs/software.hpc.rwth.de/Linux/RH8/x86_64/intel/sapphirerapids/software/intel-compilers/2022.1.0/compiler/2022.1.0/linux/lib/x64:/cvmfs/software.hpc.rwth.de/Linux/RH8/x86_64/intel/sapphirerapids/software/intel-compilers/2022.1.0/compiler/2022.1.0/linux/lib:/cvmfs/software.hpc.rwth.de/Linux/RH8/x86_64/intel/sapphirerapids/software/binutils/2.38-GCCcore-11.3.0/lib:/cvmfs/software.hpc.rwth.de/Linux/RH8/x86_64/intel/sapphirerapids/software/GCCcore/11.3.0/lib64
LIBRARY_PATH=/cvmfs/software.hpc.rwth.de/Linux/RH8/x86_64/intel/sapphirerapids/software/CUDA/12.3.0/stubs/lib64:/cvmfs/software.hpc.rwth.de/Linux/RH8/x86_64/intel/sapphirerapids/software/CUDA/12.3.0/lib:/cvmfs/software.hpc.rwth.de/Linux/RH8/x86_64/intel/sapphirerapids/software/imkl-FFTW/2022.1.0-iimpi-2022a/lib:/cvmfs/software.hpc.rwth.de/Linux/RH8/x86_64/intel/sapphirerapids/software/imkl/2022.1.0/mkl/2022.1.0/lib/intel64:/cvmfs/software.hpc.rwth.de/Linux/RH8/x86_64/intel/sapphirerapids/software/imkl/2022.1.0/compiler/2022.1.0/linux/compiler/lib/intel64_lin:/cvmfs/software.hpc.rwth.de/Linux/RH8/x86_64/intel/sapphirerapids/software/UCX/1.17.0-GCCcore-11.3.0/lib:/cvmfs/software.hpc.rwth.de/Linux/RH8/x86_64/intel/sapphirerapids/software/numactl/2.0.16-GCCcore-11.3.0/lib:/cvmfs/software.hpc.rwth.de/Linux/RH8/x86_64/intel/sapphirerapids/software/zlib/1.2.13-GCCcore-11.3.0/lib:/cvmfs/software.hpc.rwth.de/Linux/RH8/x86_64/intel/sapphirerapids/software/impi/2021.6.0-intel-compilers-2022.1.0/mpi/2021.6.0/libfabric/lib:/cvmfs/software.hpc.rwth.de/Linux/RH8/x86_64/intel/sapphirerapids/software/impi/2021.6.0-intel-compilers-2022.1.0/mpi/2021.6.0/lib/release:/cvmfs/software.hpc.rwth.de/Linux/RH8/x86_64/intel/sapphirerapids/software/impi/2021.6.0-intel-compilers-2022.1.0/mpi/2021.6.0/lib:/cvmfs/software.hpc.rwth.de/Linux/RH8/x86_64/intel/sapphirerapids/software/intel-compilers/2022.1.0/compiler/latest/linux/lib:/cvmfs/software.hpc.rwth.de/Linux/RH8/x86_64/intel/sapphirerapids/software/intel-compilers/2022.1.0/compiler/latest/linux/compiler/lib/intel64_lin:/cvmfs/software.hpc.rwth.de/Linux/RH8/x86_64/intel/sapphirerapids/software/intel-compilers/2022.1.0/mpi/latest/lib:/cvmfs/software.hpc.rwth.de/Linux/RH8/x86_64/intel/sapphirerapids/software/intel-compilers/2022.1.0/mpi/latest/lib/release:/cvmfs/software.hpc.rwth.de/Linux/RH8/x86_64/intel/sapphirerapids/software/intel-compilers/2022.1.0/mpi/latest/libfabric/lib:/cvmfs/software.hpc.rwth.de/Linux/RH8/x86_64/intel/sapphirerapids/software/intel-compilers/2022.1.0/tbb/latest/lib/intel64/gcc4.8:/cvmfs/software.hpc.rwth.de/Linux/RH8/x86_64/intel/sapphirerapids/software/intel-compilers/2022.1.0/tbb/2021.6.0/lib/intel64/gcc4.8:/cvmfs/software.hpc.rwth.de/Linux/RH8/x86_64/intel/sapphirerapids/software/intel-compilers/2022.1.0/compiler/2022.1.0/linux/compiler/lib/intel64_lin:/cvmfs/software.hpc.rwth.de/Linux/RH8/x86_64/intel/sapphirerapids/software/intel-compilers/2022.1.0/compiler/2022.1.0/linux/lib/x64:/cvmfs/software.hpc.rwth.de/Linux/RH8/x86_64/intel/sapphirerapids/software/intel-compilers/2022.1.0/compiler/2022.1.0/linux/lib:/cvmfs/software.hpc.rwth.de/Linux/RH8/x86_64/intel/sapphirerapids/software/binutils/2.38-GCCcore-11.3.0/lib
LMOD_AVAIL_STYLE='system:<grouped>'
LMOD_CMD=/opt/lmod/8.7.37/libexec/lmod
LMOD_DIR=/opt/lmod/8.7.37/libexec
LMOD_FAMILY_MPI=impi
LMOD_FAMILY_MPI_VERSION=2021.6.0
LMOD_PACKAGE_PATH=/opt/lmod/config
LMOD_PKG=/opt/lmod/8.7.37
LMOD_ROOT=/opt/lmod
LMOD_SETTARG_FULL_SUPPORT=no
LMOD_SYSTEM_DEFAULT_MODULES=NHRDEFAULT/2022a
LMOD_VERSION=8.7.37
LMOD_sys=Linux
LOADEDMODULES=GCCcore/.11.3.0:binutils/2.38:intel-compilers/2022.1.0:impi/2021.6.0:zlib/1.2.13:numactl/2.0.16:UCX/1.17.0:imkl/2022.1.0:imkl-FFTW/2022.1.0:intel/2022a:CUDA/12.3.0
LOGINPID=273022
LOGNAME=jt925938
MANPATH=/cvmfs/software.hpc.rwth.de/Linux/RH8/x86_64/intel/sapphirerapids/software/numactl/2.0.16-GCCcore-11.3.0/share/man:/cvmfs/software.hpc.rwth.de/Linux/RH8/x86_64/intel/sapphirerapids/software/zlib/1.2.13-GCCcore-11.3.0/share/man:/cvmfs/software.hpc.rwth.de/Linux/RH8/x86_64/intel/sapphirerapids/software/impi/2021.6.0-intel-compilers-2022.1.0/mpi/2021.6.0/man:/cvmfs/software.hpc.rwth.de/Linux/RH8/x86_64/intel/sapphirerapids/software/intel-compilers/2022.1.0/compiler/2022.1.0/documentation/en/man/common:/cvmfs/software.hpc.rwth.de/Linux/RH8/x86_64/intel/sapphirerapids/software/binutils/2.38-GCCcore-11.3.0/share/man:/cvmfs/software.hpc.rwth.de/Linux/RH8/x86_64/intel/sapphirerapids/software/GCCcore/11.3.0/share/man:/usr/local_host/man:/usr/local_rwth/man:/usr/man:/usr/share/man:/usr/local/man:/usr/local/share/man:/opt/slurm/current/share/man
MKLROOT=/cvmfs/software.hpc.rwth.de/Linux/RH8/x86_64/intel/sapphirerapids/software/imkl/2022.1.0/mkl/2022.1.0
MKL_EXAMPLES=/cvmfs/software.hpc.rwth.de/Linux/RH8/x86_64/intel/sapphirerapids/software/imkl/2022.1.0/mkl/2022.1.0/examples
MODULEPATH=/cvmfs/software.hpc.rwth.de/Linux/RH8/x86_64/intel/sapphirerapids/modules/all/MPI/intel/2022.1.0/impi/2021.6.0:/cvmfs/software.hpc.rwth.de/Linux/RH8/x86_64/intel/sapphirerapids/modules/all/Compiler/intel/2022.1.0:/cvmfs/software.hpc.rwth.de/Linux/RH8/x86_64/intel/sapphirerapids/modules/all/Compiler/GCCcore/11.3.0:/cvmfs/software.hpc.rwth.de/Linux/RH8/x86_64/intel/sapphirerapids/modules/all/Core:/cvmfs/software.hpc.rwth.de/Linux/RH8/x86_64/intel/sapphirerapids/modules/all/Containers:/work/jt925938/.local/easybuild/modules/all/MPI/intel/2022.1.0/impi/2021.6.0:/work/jt925938/.local/easybuild/modules/all/Compiler/intel/2022.1.0:/work/jt925938/.local/easybuild/modules/all/Compiler/GCCcore/11.3.0:/work/jt925938/.local/easybuild/modules/all/Core:/work/jt925938/.local/easybuild/modules/all/Containers
MODULEPATH_ROOT=/cvmfs/software.hpc.rwth.de/Linux/RH8/x86_64/intel/sapphirerapids/modules/all
MODULESHOME=/opt/lmod/8.7.37
MPICC=mpiicc
MPICXX=mpiicpc
MPIEXEC=/usr/local_host/bin/srun
MPIF77='mpiifort -f77rtl -fpconstant -intconstant'
MPIFC=mpiifort
MPI_BINDIR=/cvmfs/software.hpc.rwth.de/Linux/RH8/x86_64/intel/sapphirerapids/software/impi/2021.6.0-intel-compilers-2022.1.0/mpi/latest/bin
MPI_INCLUDE=/cvmfs/software.hpc.rwth.de/Linux/RH8/x86_64/intel/sapphirerapids/software/impi/2021.6.0-intel-compilers-2022.1.0/mpi/latest/include
MPI_LIBDIR=/cvmfs/software.hpc.rwth.de/Linux/RH8/x86_64/intel/sapphirerapids/software/impi/2021.6.0-intel-compilers-2022.1.0/mpi/latest/lib
MPI_NAME=intelmpi
NHR_SCRATCH=/hpcwork/jt925938
NLSPATH=/cvmfs/software.hpc.rwth.de/Linux/RH8/x86_64/intel/sapphirerapids/software/intel-compilers/2022.1.0/compiler/latest/linux/compiler/lib/intel64_lin/locale/%l_%t/%N
NODENAME=unknown
OCL_ICD_FILENAMES=libintelocl_emu.so:libalteracl.so:/cvmfs/software.hpc.rwth.de/Linux/RH8/x86_64/intel/sapphirerapids/software/intel-compilers/2022.1.0/compiler/latest/linux/lib/x64/libintelocl.so
OLDPWD=/rwthfs/rz/cluster/home/jt925938/gempy_pyro/Gempy3_hyper_spectral/code_resp_factor
ONEAPI_ROOT=/cvmfs/software.hpc.rwth.de/Linux/RH8/x86_64/intel/sapphirerapids/software/intel-compilers/2022.1.0
PATH=/cvmfs/software.hpc.rwth.de/Linux/RH8/x86_64/intel/sapphirerapids/software/CUDA/12.3.0/nvvm/bin:/cvmfs/software.hpc.rwth.de/Linux/RH8/x86_64/intel/sapphirerapids/software/CUDA/12.3.0/bin:/cvmfs/software.hpc.rwth.de/Linux/RH8/x86_64/intel/sapphirerapids/software/UCX/1.17.0-GCCcore-11.3.0/bin:/cvmfs/software.hpc.rwth.de/Linux/RH8/x86_64/intel/sapphirerapids/software/numactl/2.0.16-GCCcore-11.3.0/bin:/cvmfs/software.hpc.rwth.de/Linux/RH8/x86_64/intel/sapphirerapids/software/impi/2021.6.0-intel-compilers-2022.1.0/mpi/2021.6.0/libfabric/bin:/cvmfs/software.hpc.rwth.de/Linux/RH8/x86_64/intel/sapphirerapids/software/impi/2021.6.0-intel-compilers-2022.1.0/mpi/2021.6.0/bin:/cvmfs/software.hpc.rwth.de/Linux/RH8/x86_64/intel/sapphirerapids/software/intel-compilers/2022.1.0/compiler/2022.1.0/linux/bin/intel64:/cvmfs/software.hpc.rwth.de/Linux/RH8/x86_64/intel/sapphirerapids/software/intel-compilers/2022.1.0/compiler/2022.1.0/linux/bin:/cvmfs/software.hpc.rwth.de/Linux/RH8/x86_64/intel/sapphirerapids/software/binutils/2.38-GCCcore-11.3.0/bin:/cvmfs/software.hpc.rwth.de/Linux/RH8/x86_64/intel/sapphirerapids/software/GCCcore/11.3.0/bin:/usr/local_host/bin:/usr/local_host/sbin:/usr/local_rwth/bin:/usr/local_rwth/sbin:/usr/bin:/usr/sbin:/bin:/sbin:/opt/singularity/bin:/usr/local/bin:/usr/local/sbin:/opt/slurm/current/sbin:/opt/slurm/current/bin
PKG_CONFIG_PATH=/cvmfs/software.hpc.rwth.de/Linux/RH8/x86_64/intel/sapphirerapids/software/CUDA/12.3.0/pkgconfig:/cvmfs/software.hpc.rwth.de/Linux/RH8/x86_64/intel/sapphirerapids/software/imkl/2022.1.0/mkl/2022.1.0/lib/pkgconfig:/cvmfs/software.hpc.rwth.de/Linux/RH8/x86_64/intel/sapphirerapids/software/UCX/1.17.0-GCCcore-11.3.0/lib/pkgconfig:/cvmfs/software.hpc.rwth.de/Linux/RH8/x86_64/intel/sapphirerapids/software/numactl/2.0.16-GCCcore-11.3.0/lib/pkgconfig:/cvmfs/software.hpc.rwth.de/Linux/RH8/x86_64/intel/sapphirerapids/software/zlib/1.2.13-GCCcore-11.3.0/lib/pkgconfig
PSRC=/rwthfs/rz/SW/HPC/examples
PUREOPTIONS=' -cache-dir=/work/jt925938'
PWD=/rwthfs/rz/cluster/home/jt925938/gempy_pyro/Gempy3_hyper_spectral/code_resp_factor
ROCR_VISIBLE_DEVICES=0
RWTH_HPC_FAMILY_MPI=impi
RWTH_HPC_FAMILY_MPI_VERSION=2021.6.0
R_CLGEN=23
R_CPUGROUPS=sapphire_rapids
R_DELIMITER=------------------------------------------------------------------------------
R_GROUPS=lmod,nvidia_driver,claix23
R_HOSTNAME=w23g0011.hpc.itc.rwth-aachen.de
R_HWARCH=intel_64
R_HWTYPE=i386
R_HW_HOSTNAME=w23g0011.hpc.itc.rwth-aachen.de
R_HW_NPROC=96
R_HW_REALMEM=524288
R_IB=claix23
R_INITENVDIR=/usr/local_host/etc
R_LOGFILEDIR=/usr/local_host/logfiles
R_LOGINHOST=w23g0011.hpc.itc.rwth-aachen.de
R_LOGINMODE=BATCH
R_LOGINNAME=jt925938
R_LOGINPID=273022
R_LOGINTAG=273022@w23g0011.hpc.itc.rwth-aachen.de
R_LOGINTAG_UID=w23g0011_37841
R_LOGNAME=jt925938
R_MPI_ROOT=/cvmfs/software.hpc.rwth.de/Linux/RH8/x86_64/intel/sapphirerapids/software/impi/2021.6.0-intel-compilers-2022.1.0/mpi/latest
R_NAME=w23g0011
R_OPA=''
R_OSDIST=ROCKY
R_OSDISTMAJVERS=8
R_OSDISTVERS=8.10
R_OSNAME=LINUX
R_OSTYPE=LINUX
R_OSVERSION=4.18
R_REMOTEHOST=unknown
R_SERVICE=batch
R_SERVICES=batch
R_SHLVL=2
R_SLURM_CLUSTER=rcc
R_SLURM_HOSTLISTFILE=/w0/tmp/slurm_jt925938.52401207/.hostfile
R_SLURM_ROLES=compute
R_SVC_LDAP_MASTER=ldap01.hpc.itc.rwth-aachen.de
R_WLM_ABAQUSHOSTLIST='[['\''w23g0011.hpc.itc.rwth-aachen.de'\'', 1]]'
R_WLM_CFXHOSTLIST='w23g0011*1'
R_WLM_HOSTLISTFILE=/w0/tmp/slurm_jt925938.52401207/.hostfile
R_WLM_JOB_ID=SLURM_52401207
R_WLM_TYPE=slurm
R_yARCH=x86_64/intel/sapphirerapids
SHELL=/usr/local_rwth/bin/zsh
SHLVL=2
SLURMD_NODENAME=w23g0011
SLURM_CLUSTER_NAME=rcc
SLURM_CONF=/etc/slurm/slurm.conf
SLURM_CPUS_ON_NODE=1
SLURM_EXPORT_ENV=NONE
SLURM_GET_USER_ENV=1
SLURM_GPUS_ON_NODE=1
SLURM_GTIDS=0
SLURM_JOBID=52401207
SLURM_JOB_ACCOUNT=default
SLURM_JOB_CPUS_PER_NODE=1
SLURM_JOB_GID=37841
SLURM_JOB_GPUS=1
SLURM_JOB_ID=52401207
SLURM_JOB_NAME=gpu_serial
SLURM_JOB_NODELIST=w23g0011
SLURM_JOB_NUM_NODES=1
SLURM_JOB_PARTITION=c23g
SLURM_JOB_QOS=normal
SLURM_JOB_UID=37841
SLURM_JOB_USER=jt925938
SLURM_LOCALID=0
SLURM_MEM_PER_CPU=5200
SLURM_MPI_TYPE=pmi2
SLURM_NNODES=1
SLURM_NODEID=0
SLURM_NODELIST=w23g0011
SLURM_NODE_ALIASES='(null)'
SLURM_PRIO_PROCESS=0
SLURM_PROCID=0
SLURM_SCRIPT_CONTEXT=prolog_task
SLURM_SUBMIT_DIR=/rwthfs/rz/cluster/home/jt925938/gempy_pyro/Gempy3_hyper_spectral/code_resp_factor
SLURM_SUBMIT_HOST=login23-3.hpc.itc.rwth-aachen.de
SLURM_TASKS_PER_NODE=1
SLURM_TASK_PID=273022
SLURM_TOPOLOGY_ADDR=spines1234.ibsw10.w23g0011
SLURM_TOPOLOGY_ADDR_PATTERN=switch.switch.node
SLURM_WORKING_CLUSTER=rcc:wlm1:6750:9728:109
TBBROOT=/cvmfs/software.hpc.rwth.de/Linux/RH8/x86_64/intel/sapphirerapids/software/intel-compilers/2022.1.0/tbb/latest
TEMP=/w0/tmp/slurm_jt925938.52401207
TMP=/w0/tmp/slurm_jt925938.52401207
TMPDIR=/w0/tmp/slurm_jt925938.52401207
TMPSESS=/w0/tmp/slurm_jt925938.52401207
TZ=:/etc/localtime
USER=jt925938
WORK=/work/jt925938
WORK_SNAPSHOT=/work/jt925938/.snapshots
XDG_DATA_DIRS=/cvmfs/software.hpc.rwth.de/Linux/RH8/x86_64/intel/sapphirerapids/software/CUDA/12.3.0/share:/cvmfs/software.hpc.rwth.de/Linux/RH8/x86_64/intel/sapphirerapids/software/UCX/1.17.0-GCCcore-11.3.0/share:/cvmfs/software.hpc.rwth.de/Linux/RH8/x86_64/intel/sapphirerapids/software/numactl/2.0.16-GCCcore-11.3.0/share:/cvmfs/software.hpc.rwth.de/Linux/RH8/x86_64/intel/sapphirerapids/software/zlib/1.2.13-GCCcore-11.3.0/share:/cvmfs/software.hpc.rwth.de/Linux/RH8/x86_64/intel/sapphirerapids/software/binutils/2.38-GCCcore-11.3.0/share:/cvmfs/software.hpc.rwth.de/Linux/RH8/x86_64/intel/sapphirerapids/software/GCCcore/11.3.0/share:/usr/local/share:/usr/share
XDG_RUNTIME_DIR=/run/user/37841
XDG_SESSION_ID=c17421
ZE_AFFINITY_MASK=0
_LMFILES_=/cvmfs/software.hpc.rwth.de/Linux/RH8/x86_64/intel/sapphirerapids/modules/all/Core/GCCcore/.11.3.0.lua:/cvmfs/software.hpc.rwth.de/Linux/RH8/x86_64/intel/sapphirerapids/modules/all/Compiler/GCCcore/11.3.0/binutils/2.38.lua:/cvmfs/software.hpc.rwth.de/Linux/RH8/x86_64/intel/sapphirerapids/modules/all/Core/intel-compilers/2022.1.0.lua:/cvmfs/software.hpc.rwth.de/Linux/RH8/x86_64/intel/sapphirerapids/modules/all/Compiler/intel/2022.1.0/impi/2021.6.0.lua:/cvmfs/software.hpc.rwth.de/Linux/RH8/x86_64/intel/sapphirerapids/modules/all/Compiler/GCCcore/11.3.0/zlib/1.2.13.lua:/cvmfs/software.hpc.rwth.de/Linux/RH8/x86_64/intel/sapphirerapids/modules/all/Compiler/GCCcore/11.3.0/numactl/2.0.16.lua:/cvmfs/software.hpc.rwth.de/Linux/RH8/x86_64/intel/sapphirerapids/modules/all/Compiler/GCCcore/11.3.0/UCX/1.17.0.lua:/cvmfs/software.hpc.rwth.de/Linux/RH8/x86_64/intel/sapphirerapids/modules/all/Core/imkl/2022.1.0.lua:/cvmfs/software.hpc.rwth.de/Linux/RH8/x86_64/intel/sapphirerapids/modules/all/MPI/intel/2022.1.0/impi/2021.6.0/imkl-FFTW/2022.1.0.lua:/cvmfs/software.hpc.rwth.de/Linux/RH8/x86_64/intel/sapphirerapids/modules/all/Core/intel/2022a.lua:/cvmfs/software.hpc.rwth.de/Linux/RH8/x86_64/intel/sapphirerapids/modules/all/Core/CUDA/12.3.0.lua
_ModuleTable001_=X01vZHVsZVRhYmxlXyA9IHsKTVR2ZXJzaW9uID0gMywKY19yZWJ1aWxkVGltZSA9IGZhbHNlLApjX3Nob3J0VGltZSA9IGZhbHNlLApkZXB0aFQgPSB7fSwKZmFtaWx5ID0gewptcGkgPSAiaW1waSIsCn0sCm1UID0gewpDVURBID0gewpmbiA9ICIvY3ZtZnMvc29mdHdhcmUuaHBjLnJ3dGguZGUvTGludXgvUkg4L3g4Nl82NC9pbnRlbC9zYXBwaGlyZXJhcGlkcy9tb2R1bGVzL2FsbC9Db3JlL0NVREEvMTIuMy4wLmx1YSIsCmZ1bGxOYW1lID0gIkNVREEvMTIuMy4wIiwKbG9hZE9yZGVyID0gMTEsCnByb3BUID0ge30sCnN0YWNrRGVwdGggPSAwLApzdGF0dXMgPSAiYWN0aXZlIiwKdXNlck5hbWUgPSAiQ1VEQSIsCndWID0gInMwMDAwMDAxMi4wMDAwMDAwMDMuKnpmaW5hbCIs
_ModuleTable002_=Cn0sCkdDQ2NvcmUgPSB7CmZuID0gIi9jdm1mcy9zb2Z0d2FyZS5ocGMucnd0aC5kZS9MaW51eC9SSDgveDg2XzY0L2ludGVsL3NhcHBoaXJlcmFwaWRzL21vZHVsZXMvYWxsL0NvcmUvR0NDY29yZS8uMTEuMy4wLmx1YSIsCmZ1bGxOYW1lID0gIkdDQ2NvcmUvLjExLjMuMCIsCmxvYWRPcmRlciA9IDEsCnByb3BUID0gewp0eXBlXyA9IHsKY29tcGlsZXIgPSAxLAp9LAp9LApzdGFja0RlcHRoID0gMSwKc3RhdHVzID0gImFjdGl2ZSIsCnVzZXJOYW1lID0gIkdDQ2NvcmUvLjExLjMuMCIsCndWID0gInMwMDAwMDAwMC4wMDAwMDAwMTEuMDAwMDAwMDAzLip6ZmluYWwiLAp9LApVQ1ggPSB7CmZuID0gIi9jdm1mcy9zb2Z0d2FyZS5ocGMucnd0aC5kZS9MaW51eC9SSDgveDg2XzY0
_ModuleTable003_=L2ludGVsL3NhcHBoaXJlcmFwaWRzL21vZHVsZXMvYWxsL0NvbXBpbGVyL0dDQ2NvcmUvMTEuMy4wL1VDWC8xLjE3LjAubHVhIiwKZnVsbE5hbWUgPSAiVUNYLzEuMTcuMCIsCmxvYWRPcmRlciA9IDcsCnByb3BUID0ge30sCnN0YWNrRGVwdGggPSAyLApzdGF0dXMgPSAiYWN0aXZlIiwKdXNlck5hbWUgPSAiVUNYLzEuMTcuMCIsCndWID0gIjAwMDAwMDAwMS4wMDAwMDAwMTcuKnpmaW5hbCIsCn0sCmJpbnV0aWxzID0gewpmbiA9ICIvY3ZtZnMvc29mdHdhcmUuaHBjLnJ3dGguZGUvTGludXgvUkg4L3g4Nl82NC9pbnRlbC9zYXBwaGlyZXJhcGlkcy9tb2R1bGVzL2FsbC9Db21waWxlci9HQ0Njb3JlLzExLjMuMC9iaW51dGlscy8yLjM4Lmx1YSIsCmZ1bGxOYW1lID0gImJpbnV0
_ModuleTable004_=aWxzLzIuMzgiLApsb2FkT3JkZXIgPSAyLApwcm9wVCA9IHt9LApzdGFja0RlcHRoID0gMSwKc3RhdHVzID0gImFjdGl2ZSIsCnVzZXJOYW1lID0gImJpbnV0aWxzLzIuMzgiLAp3ViA9ICIwMDAwMDAwMDIuMDAwMDAwMDM4Lip6ZmluYWwiLAp9LAppbWtsID0gewpmbiA9ICIvY3ZtZnMvc29mdHdhcmUuaHBjLnJ3dGguZGUvTGludXgvUkg4L3g4Nl82NC9pbnRlbC9zYXBwaGlyZXJhcGlkcy9tb2R1bGVzL2FsbC9Db3JlL2lta2wvMjAyMi4xLjAubHVhIiwKZnVsbE5hbWUgPSAiaW1rbC8yMDIyLjEuMCIsCmxvYWRPcmRlciA9IDgsCnByb3BUID0gewp0eXBlXyA9IHsKbWF0aCA9IDEsCn0sCn0sCnN0YWNrRGVwdGggPSAxLApzdGF0dXMgPSAiYWN0aXZlIiwKdXNlck5hbWUgPSAi
_ModuleTable005_=aW1rbC8yMDIyLjEuMCIsCndWID0gInMwMDAwMjAyMi4wMDAwMDAwMDEuKnpmaW5hbCIsCn0sClsiaW1rbC1GRlRXIl0gPSB7CmZuID0gIi9jdm1mcy9zb2Z0d2FyZS5ocGMucnd0aC5kZS9MaW51eC9SSDgveDg2XzY0L2ludGVsL3NhcHBoaXJlcmFwaWRzL21vZHVsZXMvYWxsL01QSS9pbnRlbC8yMDIyLjEuMC9pbXBpLzIwMjEuNi4wL2lta2wtRkZUVy8yMDIyLjEuMC5sdWEiLApmdWxsTmFtZSA9ICJpbWtsLUZGVFcvMjAyMi4xLjAiLApsb2FkT3JkZXIgPSA5LApwcm9wVCA9IHt9LApzdGFja0RlcHRoID0gMSwKc3RhdHVzID0gImFjdGl2ZSIsCnVzZXJOYW1lID0gImlta2wtRkZUVy8yMDIyLjEuMCIsCndWID0gIjAwMDAwMjAyMi4wMDAwMDAwMDEuKnpmaW5hbCIsCn0sCmlt
_ModuleTable006_=cGkgPSB7CmZuID0gIi9jdm1mcy9zb2Z0d2FyZS5ocGMucnd0aC5kZS9MaW51eC9SSDgveDg2XzY0L2ludGVsL3NhcHBoaXJlcmFwaWRzL21vZHVsZXMvYWxsL0NvbXBpbGVyL2ludGVsLzIwMjIuMS4wL2ltcGkvMjAyMS42LjAubHVhIiwKZnVsbE5hbWUgPSAiaW1waS8yMDIxLjYuMCIsCmxvYWRPcmRlciA9IDQsCnByb3BUID0gewp0eXBlXyA9IHsKbXBpID0gMSwKfSwKfSwKc3RhY2tEZXB0aCA9IDEsCnN0YXR1cyA9ICJhY3RpdmUiLAp1c2VyTmFtZSA9ICJpbXBpLzIwMjEuNi4wIiwKd1YgPSAiczAwMDAyMDIxLjAwMDAwMDAwNi4qemZpbmFsIiwKfSwKaW50ZWwgPSB7CmZuID0gIi9jdm1mcy9zb2Z0d2FyZS5ocGMucnd0aC5kZS9MaW51eC9SSDgveDg2XzY0L2ludGVsL3Nh
_ModuleTable007_=cHBoaXJlcmFwaWRzL21vZHVsZXMvYWxsL0NvcmUvaW50ZWwvMjAyMmEubHVhIiwKZnVsbE5hbWUgPSAiaW50ZWwvMjAyMmEiLApsb2FkT3JkZXIgPSAxMCwKb3JpZ1VzZXJOYW1lID0gIk5IUkRFRkFVTFQvMjAyMmEiLApwcm9wVCA9IHsKdHlwZV8gPSB7CnRvb2xjaGFpbiA9IDEsCn0sCn0sCnN0YWNrRGVwdGggPSAwLApzdGF0dXMgPSAiYWN0aXZlIiwKdXNlck5hbWUgPSAiaW50ZWwvMjAyMmEiLAp3ViA9ICJzMDAwMDIwMjIuKmEuKnpmaW5hbCIsCn0sClsiaW50ZWwtY29tcGlsZXJzIl0gPSB7CmZuID0gIi9jdm1mcy9zb2Z0d2FyZS5ocGMucnd0aC5kZS9MaW51eC9SSDgveDg2XzY0L2ludGVsL3NhcHBoaXJlcmFwaWRzL21vZHVsZXMvYWxsL0NvcmUvaW50ZWwtY29tcGls
_ModuleTable008_=ZXJzLzIwMjIuMS4wLmx1YSIsCmZ1bGxOYW1lID0gImludGVsLWNvbXBpbGVycy8yMDIyLjEuMCIsCmxvYWRPcmRlciA9IDMsCnByb3BUID0gewp0eXBlXyA9IHsKY29tcGlsZXIgPSAxLAp9LAp9LApzdGFja0RlcHRoID0gMSwKc3RhdHVzID0gImFjdGl2ZSIsCnVzZXJOYW1lID0gImludGVsLWNvbXBpbGVycy8yMDIyLjEuMCIsCndWID0gInMwMDAwMjAyMi4wMDAwMDAwMDEuKnpmaW5hbCIsCn0sCm51bWFjdGwgPSB7CmZuID0gIi9jdm1mcy9zb2Z0d2FyZS5ocGMucnd0aC5kZS9MaW51eC9SSDgveDg2XzY0L2ludGVsL3NhcHBoaXJlcmFwaWRzL21vZHVsZXMvYWxsL0NvbXBpbGVyL0dDQ2NvcmUvMTEuMy4wL251bWFjdGwvMi4wLjE2Lmx1YSIsCmZ1bGxOYW1lID0gIm51bWFj
_ModuleTable009_=dGwvMi4wLjE2IiwKbG9hZE9yZGVyID0gNiwKcHJvcFQgPSB7fSwKc3RhY2tEZXB0aCA9IDMsCnN0YXR1cyA9ICJhY3RpdmUiLAp1c2VyTmFtZSA9ICJudW1hY3RsLzIuMC4xNiIsCndWID0gIjAwMDAwMDAwMi4wMDAwMDAwMDAuMDAwMDAwMDE2Lip6ZmluYWwiLAp9LAp6bGliID0gewpmbiA9ICIvY3ZtZnMvc29mdHdhcmUuaHBjLnJ3dGguZGUvTGludXgvUkg4L3g4Nl82NC9pbnRlbC9zYXBwaGlyZXJhcGlkcy9tb2R1bGVzL2FsbC9Db21waWxlci9HQ0Njb3JlLzExLjMuMC96bGliLzEuMi4xMy5sdWEiLApmdWxsTmFtZSA9ICJ6bGliLzEuMi4xMyIsCmxvYWRPcmRlciA9IDUsCnByb3BUID0ge30sCnN0YWNrRGVwdGggPSAzLApzdGF0dXMgPSAiYWN0aXZlIiwKdXNlck5hbWUg
_ModuleTable010_=PSAiemxpYi8xLjIuMTMiLAp3ViA9ICIwMDAwMDAwMDEuMDAwMDAwMDAyLjAwMDAwMDAxMy4qemZpbmFsIiwKfSwKfSwKbXBhdGhBID0gewoKIi9jdm1mcy9zb2Z0d2FyZS5ocGMucnd0aC5kZS9MaW51eC9SSDgveDg2XzY0L2ludGVsL3NhcHBoaXJlcmFwaWRzL21vZHVsZXMvYWxsL01QSS9pbnRlbC8yMDIyLjEuMC9pbXBpLzIwMjEuNi4wIgosICIvY3ZtZnMvc29mdHdhcmUuaHBjLnJ3dGguZGUvTGludXgvUkg4L3g4Nl82NC9pbnRlbC9zYXBwaGlyZXJhcGlkcy9tb2R1bGVzL2FsbC9Db21waWxlci9pbnRlbC8yMDIyLjEuMCIKLCAiL2N2bWZzL3NvZnR3YXJlLmhwYy5yd3RoLmRlL0xpbnV4L1JIOC94ODZfNjQvaW50ZWwvc2FwcGhpcmVyYXBpZHMvbW9kdWxlcy9hbGwvQ29t
_ModuleTable011_=cGlsZXIvR0NDY29yZS8xMS4zLjAiCiwgIi9jdm1mcy9zb2Z0d2FyZS5ocGMucnd0aC5kZS9MaW51eC9SSDgveDg2XzY0L2ludGVsL3NhcHBoaXJlcmFwaWRzL21vZHVsZXMvYWxsL0NvcmUiCiwgIi9jdm1mcy9zb2Z0d2FyZS5ocGMucnd0aC5kZS9MaW51eC9SSDgveDg2XzY0L2ludGVsL3NhcHBoaXJlcmFwaWRzL21vZHVsZXMvYWxsL0NvbnRhaW5lcnMiCiwgIi93b3JrL2p0OTI1OTM4Ly5sb2NhbC9lYXN5YnVpbGQvbW9kdWxlcy9hbGwvTVBJL2ludGVsLzIwMjIuMS4wL2ltcGkvMjAyMS42LjAiCiwgIi93b3JrL2p0OTI1OTM4Ly5sb2NhbC9lYXN5YnVpbGQvbW9kdWxlcy9hbGwvQ29tcGlsZXIvaW50ZWwvMjAyMi4xLjAiCiwgIi93b3JrL2p0OTI1OTM4Ly5sb2NhbC9lYXN5
_ModuleTable012_='YnVpbGQvbW9kdWxlcy9hbGwvQ29tcGlsZXIvR0NDY29yZS8xMS4zLjAiCiwgIi93b3JrL2p0OTI1OTM4Ly5sb2NhbC9lYXN5YnVpbGQvbW9kdWxlcy9hbGwvQ29yZSIsICIvd29yay9qdDkyNTkzOC8ubG9jYWwvZWFzeWJ1aWxkL21vZHVsZXMvYWxsL0NvbnRhaW5lcnMiLAp9LApzeXN0ZW1CYXNlTVBBVEggPSAiL2N2bWZzL3NvZnR3YXJlLmhwYy5yd3RoLmRlL0xpbnV4L1JIOC94ODZfNjQvaW50ZWwvc2FwcGhpcmVyYXBpZHMvbW9kdWxlcy9hbGwvQ29yZTovY3ZtZnMvc29mdHdhcmUuaHBjLnJ3dGguZGUvTGludXgvUkg4L3g4Nl82NC9pbnRlbC9zYXBwaGlyZXJhcGlkcy9tb2R1bGVzL2FsbC9Db250YWluZXJzIiwKfQo='
_ModuleTable_Sz_=12
__Init_Default_Modules=1
__LMOD_REF_COUNT_CMAKE_LIBRARY_PATH=/cvmfs/software.hpc.rwth.de/Linux/RH8/x86_64/intel/sapphirerapids/software/GCCcore/11.3.0/lib64:1
__LMOD_REF_COUNT_CMAKE_PREFIX_PATH='/cvmfs/software.hpc.rwth.de/Linux/RH8/x86_64/intel/sapphirerapids/software/CUDA/12.3.0:1;/cvmfs/software.hpc.rwth.de/Linux/RH8/x86_64/intel/sapphirerapids/software/imkl-FFTW/2022.1.0-iimpi-2022a:1;/cvmfs/software.hpc.rwth.de/Linux/RH8/x86_64/intel/sapphirerapids/software/imkl/2022.1.0:1;/cvmfs/software.hpc.rwth.de/Linux/RH8/x86_64/intel/sapphirerapids/software/UCX/1.17.0-GCCcore-11.3.0:1;/cvmfs/software.hpc.rwth.de/Linux/RH8/x86_64/intel/sapphirerapids/software/numactl/2.0.16-GCCcore-11.3.0:1;/cvmfs/software.hpc.rwth.de/Linux/RH8/x86_64/intel/sapphirerapids/software/zlib/1.2.13-GCCcore-11.3.0:1;/cvmfs/software.hpc.rwth.de/Linux/RH8/x86_64/intel/sapphirerapids/software/impi/2021.6.0-intel-compilers-2022.1.0:1;/cvmfs/software.hpc.rwth.de/Linux/RH8/x86_64/intel/sapphirerapids/software/intel-compilers/2022.1.0/compiler/latest/linux/IntelDPCPP:1;/cvmfs/software.hpc.rwth.de/Linux/RH8/x86_64/intel/sapphirerapids/software/intel-compilers/2022.1.0/tbb/latest:1;/cvmfs/software.hpc.rwth.de/Linux/RH8/x86_64/intel/sapphirerapids/software/binutils/2.38-GCCcore-11.3.0:1;/cvmfs/software.hpc.rwth.de/Linux/RH8/x86_64/intel/sapphirerapids/software/GCCcore/11.3.0:1'
__LMOD_REF_COUNT_CPATH='/cvmfs/software.hpc.rwth.de/Linux/RH8/x86_64/intel/sapphirerapids/software/CUDA/12.3.0/nvvm/include:1;/cvmfs/software.hpc.rwth.de/Linux/RH8/x86_64/intel/sapphirerapids/software/CUDA/12.3.0/extras/CUPTI/include:1;/cvmfs/software.hpc.rwth.de/Linux/RH8/x86_64/intel/sapphirerapids/software/CUDA/12.3.0/include:1;/cvmfs/software.hpc.rwth.de/Linux/RH8/x86_64/intel/sapphirerapids/software/imkl/2022.1.0/mkl/2022.1.0/include/fftw:1;/cvmfs/software.hpc.rwth.de/Linux/RH8/x86_64/intel/sapphirerapids/software/imkl/2022.1.0/mkl/2022.1.0/include:1;/cvmfs/software.hpc.rwth.de/Linux/RH8/x86_64/intel/sapphirerapids/software/UCX/1.17.0-GCCcore-11.3.0/include:1;/cvmfs/software.hpc.rwth.de/Linux/RH8/x86_64/intel/sapphirerapids/software/numactl/2.0.16-GCCcore-11.3.0/include:1;/cvmfs/software.hpc.rwth.de/Linux/RH8/x86_64/intel/sapphirerapids/software/zlib/1.2.13-GCCcore-11.3.0/include:1;/cvmfs/software.hpc.rwth.de/Linux/RH8/x86_64/intel/sapphirerapids/software/impi/2021.6.0-intel-compilers-2022.1.0/mpi/2021.6.0/include:1;/cvmfs/software.hpc.rwth.de/Linux/RH8/x86_64/intel/sapphirerapids/software/intel-compilers/2022.1.0/dev-utilities/latest/include:1;/cvmfs/software.hpc.rwth.de/Linux/RH8/x86_64/intel/sapphirerapids/software/intel-compilers/2022.1.0/mpi/latest/include:1;/cvmfs/software.hpc.rwth.de/Linux/RH8/x86_64/intel/sapphirerapids/software/intel-compilers/2022.1.0/tbb/latest/include:1;/cvmfs/software.hpc.rwth.de/Linux/RH8/x86_64/intel/sapphirerapids/software/intel-compilers/2022.1.0/tbb/2021.6.0/include:1;/cvmfs/software.hpc.rwth.de/Linux/RH8/x86_64/intel/sapphirerapids/software/binutils/2.38-GCCcore-11.3.0/include:1;/cvmfs/software.hpc.rwth.de/Linux/RH8/x86_64/intel/sapphirerapids/software/GCCcore/11.3.0/include:1'
__LMOD_REF_COUNT_DIAGUTIL_PATH='/cvmfs/software.hpc.rwth.de/Linux/RH8/x86_64/intel/sapphirerapids/software/intel-compilers/2022.1.0/compiler/latest/sys_check/sys_check.sh:1;/cvmfs/software.hpc.rwth.de/Linux/RH8/x86_64/intel/sapphirerapids/software/intel-compilers/2022.1.0/debugger/latest/sys_check/debugger_sys_check.py:1'
__LMOD_REF_COUNT_FI_PROVIDER_PATH='/cvmfs/software.hpc.rwth.de/Linux/RH8/x86_64/intel/sapphirerapids/software/impi/2021.6.0-intel-compilers-2022.1.0/mpi/2021.6.0/libfabric/lib/prov:1;/cvmfs/software.hpc.rwth.de/Linux/RH8/x86_64/intel/sapphirerapids/software/intel-compilers/2022.1.0/mpi/latest/libfabric/lib/prov:1'
__LMOD_REF_COUNT_FLEXIBLAS_LIBRARY_PATH=/cvmfs/software.hpc.rwth.de/Linux/RH8/x86_64/intel/sapphirerapids/software/imkl/2022.1.0/mkl/2022.1.0/lib/intel64/flexiblas:1
__LMOD_REF_COUNT_INFOPATH=/cvmfs/software.hpc.rwth.de/Linux/RH8/x86_64/intel/sapphirerapids/software/intel-compilers/2022.1.0/debugger/latest/gdb/intel64/lib:1
__LMOD_REF_COUNT_LD_LIBRARY_PATH='/cvmfs/software.hpc.rwth.de/Linux/RH8/x86_64/intel/sapphirerapids/software/CUDA/12.3.0/nvvm/lib64:1;/cvmfs/software.hpc.rwth.de/Linux/RH8/x86_64/intel/sapphirerapids/software/CUDA/12.3.0/extras/CUPTI/lib64:1;/cvmfs/software.hpc.rwth.de/Linux/RH8/x86_64/intel/sapphirerapids/software/CUDA/12.3.0/lib:1;/cvmfs/software.hpc.rwth.de/Linux/RH8/x86_64/intel/sapphirerapids/software/imkl-FFTW/2022.1.0-iimpi-2022a/lib:1;/cvmfs/software.hpc.rwth.de/Linux/RH8/x86_64/intel/sapphirerapids/software/imkl/2022.1.0/mkl/2022.1.0/lib/intel64:1;/cvmfs/software.hpc.rwth.de/Linux/RH8/x86_64/intel/sapphirerapids/software/imkl/2022.1.0/compiler/2022.1.0/linux/compiler/lib/intel64_lin:1;/cvmfs/software.hpc.rwth.de/Linux/RH8/x86_64/intel/sapphirerapids/software/UCX/1.17.0-GCCcore-11.3.0/lib:1;/cvmfs/software.hpc.rwth.de/Linux/RH8/x86_64/intel/sapphirerapids/software/numactl/2.0.16-GCCcore-11.3.0/lib:1;/cvmfs/software.hpc.rwth.de/Linux/RH8/x86_64/intel/sapphirerapids/software/zlib/1.2.13-GCCcore-11.3.0/lib:1;/cvmfs/software.hpc.rwth.de/Linux/RH8/x86_64/intel/sapphirerapids/software/impi/2021.6.0-intel-compilers-2022.1.0/mpi/2021.6.0/libfabric/lib:1;/cvmfs/software.hpc.rwth.de/Linux/RH8/x86_64/intel/sapphirerapids/software/impi/2021.6.0-intel-compilers-2022.1.0/mpi/2021.6.0/lib/release:1;/cvmfs/software.hpc.rwth.de/Linux/RH8/x86_64/intel/sapphirerapids/software/impi/2021.6.0-intel-compilers-2022.1.0/mpi/2021.6.0/lib:1;/cvmfs/software.hpc.rwth.de/Linux/RH8/x86_64/intel/sapphirerapids/software/intel-compilers/2022.1.0/tbb/2021.6.0/lib/intel64/gcc4.8:1;/cvmfs/software.hpc.rwth.de/Linux/RH8/x86_64/intel/sapphirerapids/software/intel-compilers/2022.1.0/compiler/2022.1.0/linux/compiler/lib/intel64_lin:1;/cvmfs/software.hpc.rwth.de/Linux/RH8/x86_64/intel/sapphirerapids/software/intel-compilers/2022.1.0/compiler/2022.1.0/linux/lib/x64:1;/cvmfs/software.hpc.rwth.de/Linux/RH8/x86_64/intel/sapphirerapids/software/intel-compilers/2022.1.0/compiler/2022.1.0/linux/lib:1;/cvmfs/software.hpc.rwth.de/Linux/RH8/x86_64/intel/sapphirerapids/software/binutils/2.38-GCCcore-11.3.0/lib:1;/cvmfs/software.hpc.rwth.de/Linux/RH8/x86_64/intel/sapphirerapids/software/GCCcore/11.3.0/lib64:1'
__LMOD_REF_COUNT_LIBRARY_PATH='/cvmfs/software.hpc.rwth.de/Linux/RH8/x86_64/intel/sapphirerapids/software/CUDA/12.3.0/stubs/lib64:1;/cvmfs/software.hpc.rwth.de/Linux/RH8/x86_64/intel/sapphirerapids/software/CUDA/12.3.0/lib:1;/cvmfs/software.hpc.rwth.de/Linux/RH8/x86_64/intel/sapphirerapids/software/imkl-FFTW/2022.1.0-iimpi-2022a/lib:1;/cvmfs/software.hpc.rwth.de/Linux/RH8/x86_64/intel/sapphirerapids/software/imkl/2022.1.0/mkl/2022.1.0/lib/intel64:1;/cvmfs/software.hpc.rwth.de/Linux/RH8/x86_64/intel/sapphirerapids/software/imkl/2022.1.0/compiler/2022.1.0/linux/compiler/lib/intel64_lin:1;/cvmfs/software.hpc.rwth.de/Linux/RH8/x86_64/intel/sapphirerapids/software/UCX/1.17.0-GCCcore-11.3.0/lib:1;/cvmfs/software.hpc.rwth.de/Linux/RH8/x86_64/intel/sapphirerapids/software/numactl/2.0.16-GCCcore-11.3.0/lib:1;/cvmfs/software.hpc.rwth.de/Linux/RH8/x86_64/intel/sapphirerapids/software/zlib/1.2.13-GCCcore-11.3.0/lib:1;/cvmfs/software.hpc.rwth.de/Linux/RH8/x86_64/intel/sapphirerapids/software/impi/2021.6.0-intel-compilers-2022.1.0/mpi/2021.6.0/libfabric/lib:1;/cvmfs/software.hpc.rwth.de/Linux/RH8/x86_64/intel/sapphirerapids/software/impi/2021.6.0-intel-compilers-2022.1.0/mpi/2021.6.0/lib/release:1;/cvmfs/software.hpc.rwth.de/Linux/RH8/x86_64/intel/sapphirerapids/software/impi/2021.6.0-intel-compilers-2022.1.0/mpi/2021.6.0/lib:1;/cvmfs/software.hpc.rwth.de/Linux/RH8/x86_64/intel/sapphirerapids/software/intel-compilers/2022.1.0/compiler/latest/linux/lib:1;/cvmfs/software.hpc.rwth.de/Linux/RH8/x86_64/intel/sapphirerapids/software/intel-compilers/2022.1.0/compiler/latest/linux/compiler/lib/intel64_lin:1;/cvmfs/software.hpc.rwth.de/Linux/RH8/x86_64/intel/sapphirerapids/software/intel-compilers/2022.1.0/mpi/latest/lib:1;/cvmfs/software.hpc.rwth.de/Linux/RH8/x86_64/intel/sapphirerapids/software/intel-compilers/2022.1.0/mpi/latest/lib/release:1;/cvmfs/software.hpc.rwth.de/Linux/RH8/x86_64/intel/sapphirerapids/software/intel-compilers/2022.1.0/mpi/latest/libfabric/lib:1;/cvmfs/software.hpc.rwth.de/Linux/RH8/x86_64/intel/sapphirerapids/software/intel-compilers/2022.1.0/tbb/latest/lib/intel64/gcc4.8:1;/cvmfs/software.hpc.rwth.de/Linux/RH8/x86_64/intel/sapphirerapids/software/intel-compilers/2022.1.0/tbb/2021.6.0/lib/intel64/gcc4.8:1;/cvmfs/software.hpc.rwth.de/Linux/RH8/x86_64/intel/sapphirerapids/software/intel-compilers/2022.1.0/compiler/2022.1.0/linux/compiler/lib/intel64_lin:1;/cvmfs/software.hpc.rwth.de/Linux/RH8/x86_64/intel/sapphirerapids/software/intel-compilers/2022.1.0/compiler/2022.1.0/linux/lib/x64:1;/cvmfs/software.hpc.rwth.de/Linux/RH8/x86_64/intel/sapphirerapids/software/intel-compilers/2022.1.0/compiler/2022.1.0/linux/lib:1;/cvmfs/software.hpc.rwth.de/Linux/RH8/x86_64/intel/sapphirerapids/software/binutils/2.38-GCCcore-11.3.0/lib:1'
__LMOD_REF_COUNT_MANPATH='/cvmfs/software.hpc.rwth.de/Linux/RH8/x86_64/intel/sapphirerapids/software/numactl/2.0.16-GCCcore-11.3.0/share/man:1;/cvmfs/software.hpc.rwth.de/Linux/RH8/x86_64/intel/sapphirerapids/software/zlib/1.2.13-GCCcore-11.3.0/share/man:1;/cvmfs/software.hpc.rwth.de/Linux/RH8/x86_64/intel/sapphirerapids/software/impi/2021.6.0-intel-compilers-2022.1.0/mpi/2021.6.0/man:1;/cvmfs/software.hpc.rwth.de/Linux/RH8/x86_64/intel/sapphirerapids/software/intel-compilers/2022.1.0/compiler/2022.1.0/documentation/en/man/common:1;/cvmfs/software.hpc.rwth.de/Linux/RH8/x86_64/intel/sapphirerapids/software/binutils/2.38-GCCcore-11.3.0/share/man:1;/cvmfs/software.hpc.rwth.de/Linux/RH8/x86_64/intel/sapphirerapids/software/GCCcore/11.3.0/share/man:1;/usr/local_host/man:1;/usr/local_rwth/man:1;/usr/man:1;/usr/share/man:1;/usr/local/man:1;/usr/local/share/man:1;/opt/slurm/current/share/man:1'
__LMOD_REF_COUNT_MODULEPATH='/cvmfs/software.hpc.rwth.de/Linux/RH8/x86_64/intel/sapphirerapids/modules/all/MPI/intel/2022.1.0/impi/2021.6.0:1;/cvmfs/software.hpc.rwth.de/Linux/RH8/x86_64/intel/sapphirerapids/modules/all/Compiler/intel/2022.1.0:1;/cvmfs/software.hpc.rwth.de/Linux/RH8/x86_64/intel/sapphirerapids/modules/all/Compiler/GCCcore/11.3.0:1;/cvmfs/software.hpc.rwth.de/Linux/RH8/x86_64/intel/sapphirerapids/modules/all/Core:1;/cvmfs/software.hpc.rwth.de/Linux/RH8/x86_64/intel/sapphirerapids/modules/all/Containers:1;/work/jt925938/.local/easybuild/modules/all/MPI/intel/2022.1.0/impi/2021.6.0:2;/work/jt925938/.local/easybuild/modules/all/Compiler/intel/2022.1.0:2;/work/jt925938/.local/easybuild/modules/all/Compiler/GCCcore/11.3.0:2;/work/jt925938/.local/easybuild/modules/all/Core:2;/work/jt925938/.local/easybuild/modules/all/Containers:2'
__LMOD_REF_COUNT_NLSPATH=/cvmfs/software.hpc.rwth.de/Linux/RH8/x86_64/intel/sapphirerapids/software/intel-compilers/2022.1.0/compiler/latest/linux/compiler/lib/intel64_lin/locale/%l_%t/%N:1
__LMOD_REF_COUNT_PATH='/cvmfs/software.hpc.rwth.de/Linux/RH8/x86_64/intel/sapphirerapids/software/CUDA/12.3.0/nvvm/bin:1;/cvmfs/software.hpc.rwth.de/Linux/RH8/x86_64/intel/sapphirerapids/software/CUDA/12.3.0/bin:1;/cvmfs/software.hpc.rwth.de/Linux/RH8/x86_64/intel/sapphirerapids/software/UCX/1.17.0-GCCcore-11.3.0/bin:1;/cvmfs/software.hpc.rwth.de/Linux/RH8/x86_64/intel/sapphirerapids/software/numactl/2.0.16-GCCcore-11.3.0/bin:1;/cvmfs/software.hpc.rwth.de/Linux/RH8/x86_64/intel/sapphirerapids/software/impi/2021.6.0-intel-compilers-2022.1.0/mpi/2021.6.0/libfabric/bin:1;/cvmfs/software.hpc.rwth.de/Linux/RH8/x86_64/intel/sapphirerapids/software/impi/2021.6.0-intel-compilers-2022.1.0/mpi/2021.6.0/bin:1;/cvmfs/software.hpc.rwth.de/Linux/RH8/x86_64/intel/sapphirerapids/software/intel-compilers/2022.1.0/compiler/2022.1.0/linux/bin/intel64:1;/cvmfs/software.hpc.rwth.de/Linux/RH8/x86_64/intel/sapphirerapids/software/intel-compilers/2022.1.0/compiler/2022.1.0/linux/bin:1;/cvmfs/software.hpc.rwth.de/Linux/RH8/x86_64/intel/sapphirerapids/software/binutils/2.38-GCCcore-11.3.0/bin:1;/cvmfs/software.hpc.rwth.de/Linux/RH8/x86_64/intel/sapphirerapids/software/GCCcore/11.3.0/bin:1;/usr/local_host/bin:1;/usr/local_host/sbin:1;/usr/local_rwth/bin:1;/usr/local_rwth/sbin:1;/usr/bin:1;/usr/sbin:1;/bin:1;/sbin:1;/opt/singularity/bin:1;/usr/local/bin:1;/usr/local/sbin:1;/opt/slurm/current/sbin:1;/opt/slurm/current/bin:1'
__LMOD_REF_COUNT_PKG_CONFIG_PATH='/cvmfs/software.hpc.rwth.de/Linux/RH8/x86_64/intel/sapphirerapids/software/CUDA/12.3.0/pkgconfig:1;/cvmfs/software.hpc.rwth.de/Linux/RH8/x86_64/intel/sapphirerapids/software/imkl/2022.1.0/mkl/2022.1.0/lib/pkgconfig:1;/cvmfs/software.hpc.rwth.de/Linux/RH8/x86_64/intel/sapphirerapids/software/UCX/1.17.0-GCCcore-11.3.0/lib/pkgconfig:1;/cvmfs/software.hpc.rwth.de/Linux/RH8/x86_64/intel/sapphirerapids/software/numactl/2.0.16-GCCcore-11.3.0/lib/pkgconfig:1;/cvmfs/software.hpc.rwth.de/Linux/RH8/x86_64/intel/sapphirerapids/software/zlib/1.2.13-GCCcore-11.3.0/lib/pkgconfig:1'
__LMOD_REF_COUNT_XDG_DATA_DIRS='/cvmfs/software.hpc.rwth.de/Linux/RH8/x86_64/intel/sapphirerapids/software/CUDA/12.3.0/share:1;/cvmfs/software.hpc.rwth.de/Linux/RH8/x86_64/intel/sapphirerapids/software/UCX/1.17.0-GCCcore-11.3.0/share:1;/cvmfs/software.hpc.rwth.de/Linux/RH8/x86_64/intel/sapphirerapids/software/numactl/2.0.16-GCCcore-11.3.0/share:1;/cvmfs/software.hpc.rwth.de/Linux/RH8/x86_64/intel/sapphirerapids/software/zlib/1.2.13-GCCcore-11.3.0/share:1;/cvmfs/software.hpc.rwth.de/Linux/RH8/x86_64/intel/sapphirerapids/software/binutils/2.38-GCCcore-11.3.0/share:1;/cvmfs/software.hpc.rwth.de/Linux/RH8/x86_64/intel/sapphirerapids/software/GCCcore/11.3.0/share:1;/usr/local/share:1;/usr/share:1'
__LMOD_STACK_CC=aWNj:Z2Nj
__LMOD_STACK_CPP=false:Y3Bw
__LMOD_STACK_CXX='aWNwYw==:Zysr'
__LMOD_STACK_F77='aWZvcnQgLWY3N3J0bCAtZnBjb25zdGFudCAtaW50Y29uc3RhbnQ=:Z2ZvcnRyYW4gLWZuby1zaWduLXplcm8='
__LMOD_STACK_FC='aWZvcnQ=:Z2ZvcnRyYW4='
__LMOD_STACK_FLAGS_ARCH64='LW02NA==:LW02NA=='
__LMOD_STACK_FLAGS_AUTOPAR=LXBhcmFsbGVs:false
__LMOD_STACK_FLAGS_DEBUG='LWc=:LWc='
__LMOD_STACK_FLAGS_FAST='LU8zIC1pcCAteFNTRTQuMiAtYXhDT1JFLUFWWDIsQVZYIC1mcC1tb2RlbCBmYXN0PTI=:LU8zIC1mZmFzdC1tYXRoIC1tdHVuZT1uYXRpdmU='
__LMOD_STACK_FLAGS_FAST_NO_FPOPT='LU8zIC1pcCAteFNTRTQuMiAtYXhDT1JFLUFWWDIsQVZYIC1mcC1tb2RlbCBwcmVjaXNl:LU8zIC1tdHVuZT1uYXRpdmU='
__LMOD_STACK_FLAGS_FREE='LWZyZWUgLWZwcA==:LWZmcmVlLWZvcm0='
__LMOD_STACK_FLAGS_LINKER=false
__LMOD_STACK_FLAGS_LPATH=false
__LMOD_STACK_FLAGS_MATH_INCLUDE=false
__LMOD_STACK_FLAGS_MATH_LINKER=false
__LMOD_STACK_FLAGS_MATH_RPATH=false
__LMOD_STACK_FLAGS_OFFLOAD_OPENACC=false:LWZvcGVuYWNj
__LMOD_STACK_FLAGS_OFFLOAD_OPENMP='false:LWZvcGVubXA='
__LMOD_STACK_FLAGS_OPENMP='LXFvcGVubXA=:LWZvcGVubXA='
__LMOD_STACK_FLAGS_PIC='LWZQSUMgLXNoYXJlZA==:LWZQSUMgLXNoYXJlZA=='
__LMOD_STACK_FLAGS_RPATH='LVdsLC1ycGF0aD0vY3ZtZnMvc29mdHdhcmUuaHBjLnJ3dGguZGUvTGludXgvUkg4L3g4Nl82NC9pbnRlbC9zYXBwaGlyZXJhcGlkcy9zb2Z0d2FyZS9pbnRlbC1jb21waWxlcnMvMjAyMi4xLjAvY29tcGlsZXIvbGF0ZXN0L2xpbnV4L2NvbXBpbGVyL2xpYi9pbnRlbDY0X2xpbg==:LVdsLC1ycGF0aD0vY3ZtZnMvc29mdHdhcmUuaHBjLnJ3dGguZGUvTGludXgvUkg4L3g4Nl82NC9pbnRlbC9zYXBwaGlyZXJhcGlkcy9zb2Z0d2FyZS9HQ0Njb3JlLzExLjMuMC9saWI2NA=='
__LMOD_STACK_FLAGS_RUNTIME_LINKER='LVdsLC1ycGF0aD0=:LVdsLC1ycGF0aD0='
__LMOD_STACK_LASTCOMPILER='aW50ZWxfY29tcGlsZXJz:R0NDY29yZQ=='
__LMOD_STACK_LASTMPI='aW1waQ=='
__LMOD_STACK_MPICC=bXBpaWNj
__LMOD_STACK_MPICXX='bXBpaWNwYw=='
__LMOD_STACK_MPIF77='bXBpaWZvcnQgLWY3N3J0bCAtZnBjb25zdGFudCAtaW50Y29uc3RhbnQ='
__LMOD_STACK_MPIFC='bXBpaWZvcnQ='
__LMOD_STACK_OBJC=false:Z2Nj
__LMOD_STACK_OBJCXX=false:Zysr
intel_compilers_CC=icc
intel_compilers_CXX=icpc
intel_compilers_F77='ifort -f77rtl -fpconstant -intconstant'
intel_compilers_FC=ifort
intel_compilers_ROOT=/cvmfs/software.hpc.rwth.de/Linux/RH8/x86_64/intel/sapphirerapids/software/intel-compilers/2022.1.0

Tue Dec 10 23:46:24 2024       
+-----------------------------------------------------------------------------------------+
| NVIDIA-SMI 565.57.01              Driver Version: 565.57.01      CUDA Version: 12.7     |
|-----------------------------------------+------------------------+----------------------+
| GPU  Name                 Persistence-M | Bus-Id          Disp.A | Volatile Uncorr. ECC |
| Fan  Temp   Perf          Pwr:Usage/Cap |           Memory-Usage | GPU-Util  Compute M. |
|                                         |                        |               MIG M. |
|=========================================+========================+======================|
|   0  NVIDIA H100                    On  |   00000000:2C:00.0 Off |                    0 |
| N/A   39C    P0             76W /  700W |       1MiB /  95830MiB |      0%      Default |
|                                         |                        |             Disabled |
+-----------------------------------------+------------------------+----------------------+
                                                                                         
+-----------------------------------------------------------------------------------------+
| Processes:                                                                              |
|  GPU   GI   CI        PID   Type   Process name                              GPU Memory |
|        ID   ID                                                               Usage      |
|=========================================================================================|
|  No running processes found                                                             |
+-----------------------------------------------------------------------------------------+

